4-19-2024 21:17:30 - verbose: Arguments:
4-19-2024 21:17:30 - verbose:   /Applications/Cocos/Creator/3.7.4/CocosCreator.app/Contents/MacOS/CocosCreator: true
4-19-2024 21:17:30 - verbose:   project: /Users/geliang/web/dibai/hall
4-19-2024 21:17:30 - verbose:   can-show-upgrade-dialog: true
4-19-2024 21:17:30 - verbose:   dev: false
4-19-2024 21:17:30 - verbose:   home: /Users/geliang/.CocosCreator
4-19-2024 21:17:30 - verbose:  
4-19-2024 21:17:35 - verbose: [Package] menu@1.0.0 enable
4-19-2024 21:17:35 - verbose: [Package] profile@1.0.0 enable
4-19-2024 21:17:35 - verbose: [Package] project@1.0.4 enable
4-19-2024 21:17:35 - verbose: [Package] messages@1.0.0 enable
4-19-2024 21:17:35 - verbose: [Package] program@1.0.3 enable
4-19-2024 21:17:35 - verbose: [Package] tester@1.0.0 enable
4-19-2024 21:17:35 - verbose: [Package] information@1.0.0 enable
4-19-2024 21:17:35 - verbose: [Package] preferences@1.0.0 enable
4-19-2024 21:17:36 - log: Load engine in /Applications/Cocos/Creator/3.7.4/CocosCreator.app/Contents/Resources/resources/3d/engine
4-19-2024 21:17:36 - log: Profile changed: engine (modules.includeModules: 2d,animation,audio,base,dragon-bones,gfx-webgl,gfx-webgl2,intersection-2d,light-probe,particle-2d,physics-2d-box2d,profiler,spine,tiled-map,tween,ui,video,websocket,webview)
4-19-2024 21:17:37 - log: Register native engine in /Applications/Cocos/Creator/3.7.4/CocosCreator.app/Contents/Resources/resources/3d/engine/native
4-19-2024 21:17:37 - verbose: [Package] engine@1.0.7 enable
4-19-2024 21:17:37 - verbose: [Package] programming@1.0.0 enable
4-19-2024 21:17:37 - verbose: [Package] device@1.0.1 enable
4-19-2024 21:17:37 - verbose: [Package] ui-kit@1.0.1 enable
4-19-2024 21:17:37 - verbose: [Package] asset-db@1.0.0 enable
4-19-2024 21:17:37 - verbose: [Package] scene@1.0.0 enable
4-19-2024 21:17:37 - verbose: [Package] server@1.0.0 enable
4-19-2024 21:17:37 - verbose: [Package] utils@1.0.0 enable
4-19-2024 21:17:41 - verbose: [Package] preview@1.0.1 enable
4-19-2024 21:17:41 - verbose: [Package] animator@1.0.0 enable
4-19-2024 21:17:41 - verbose: [Build-plugin] register pkg scene: 1ms
4-19-2024 21:17:41 - verbose: Builder PluginManager init: 1ms
4-19-2024 21:17:41 - verbose: [Package] builder@1.3.5 enable
4-19-2024 21:17:41 - verbose: [Package] shortcuts@1.0.1 enable
4-19-2024 21:17:41 - verbose: [Package] animation-graph@1.0.0 enable
4-19-2024 21:17:41 - verbose: [Package] about@1.0.0 enable
4-19-2024 21:17:41 - verbose: [Package] assets@1.0.0 enable
4-19-2024 21:17:41 - verbose: [Package] console@1.0.0 enable
4-19-2024 21:17:41 - verbose: [Package] crash-reporter@1.0.0 enable
4-19-2024 21:17:41 - verbose: [Package] extension@3.1.1 enable
4-19-2024 21:17:41 - verbose: [Package] hierarchy@1.0.0 enable
4-19-2024 21:17:41 - verbose: [Package] inspector@1.0.0 enable
4-19-2024 21:17:41 - verbose: [Package] light-probe@1.0.4 enable
4-19-2024 21:17:41 - verbose: [Package] lightmap@1.0.4 enable
4-19-2024 21:17:42 - verbose: [Package] node-library@1.0.1 enable
4-19-2024 21:17:42 - verbose: [Package] package-asset@1.0.1 enable
4-19-2024 21:17:42 - verbose: [Package] process@1.0.0 enable
4-19-2024 21:17:42 - verbose: [Package] reference-image@1.0.0 enable
4-19-2024 21:17:42 - verbose: [Package] reflection-probe@1.0.4 enable
4-19-2024 21:17:42 - verbose: [Package] im-plugin@3.0.12 enable
4-19-2024 21:17:42 - verbose: [Package] cocos-service@3.0.7 enable
4-19-2024 21:17:42 - verbose: [Build-plugin] register pkg cocos-service: 23ms
4-19-2024 21:17:42 - verbose: [Package] engine-extends@1.0.0 enable
4-19-2024 21:17:42 - verbose: [Package] alipay-mini-game@1.0.1 enable
4-19-2024 21:17:42 - verbose: [Package] android@1.0.1 enable
4-19-2024 21:17:42 - verbose: [Package] bytedance-mini-game@1.0.2 enable
4-19-2024 21:17:42 - verbose: [Package] certificate@1.0.0 enable
4-19-2024 21:17:42 - verbose: [Package] channel-upload-tools@1.0.0 enable
4-19-2024 21:17:42 - verbose: [Package] fb-instant-games@1.0.0 enable
4-19-2024 21:17:42 - verbose: [Package] huawei-agc@1.0.0 enable
4-19-2024 21:17:42 - verbose: [Package] huawei-quick-game@1.0.1 enable
4-19-2024 21:17:42 - verbose: [Package] ios@1.0.0 enable
4-19-2024 21:17:42 - verbose: [Package] linux@1.0.0 enable
4-19-2024 21:17:42 - verbose: [Package] mac@1.0.0 enable
4-19-2024 21:17:42 - verbose: [Build-plugin] register pkg bytedance-mini-game: 356ms
4-19-2024 21:17:42 - verbose: [Build-plugin] register pkg android: 404ms
4-19-2024 21:17:42 - verbose: [Package] native@1.0.2 enable
4-19-2024 21:17:42 - verbose: [Build-plugin] register pkg native: 25ms
4-19-2024 21:17:42 - verbose: [Build-plugin] register pkg huawei-quick-game: 314ms
4-19-2024 21:17:42 - verbose: [Build-plugin] register pkg fb-instant-games: 365ms
4-19-2024 21:17:42 - verbose: [Package] ohos@1.0.0 enable
4-19-2024 21:17:42 - verbose: [Build-plugin] register pkg huawei-agc: 356ms
4-19-2024 21:17:42 - verbose: [Package] open-harmonyos@1.0.0 enable
4-19-2024 21:17:42 - verbose: [Package] oppo-mini-game@1.0.1 enable
4-19-2024 21:17:42 - verbose: [Build-plugin] register pkg ios: 195ms
4-19-2024 21:17:42 - verbose: [Package] runtime-dev-tools@1.0.0 enable
4-19-2024 21:17:43 - verbose: [Package] taobao-creative-app@1.0.0 enable
4-19-2024 21:17:43 - verbose: [Build-plugin] register pkg mac: 192ms
4-19-2024 21:17:43 - verbose: [Build-plugin] register pkg alipay-mini-game: 605ms
4-19-2024 21:17:43 - verbose: [Package] taobao-mini-game@1.0.0 enable
4-19-2024 21:17:43 - verbose: [Package] vivo-mini-game@1.0.1 enable
4-19-2024 21:17:43 - verbose: [Build-plugin] register pkg ohos: 156ms
4-19-2024 21:17:43 - verbose: [Package] web-desktop@1.0.1 enable
4-19-2024 21:17:43 - verbose: [Build-plugin] register pkg oppo-mini-game: 153ms
4-19-2024 21:17:43 - verbose: [Package] web-mobile@1.0.1 enable
4-19-2024 21:17:43 - verbose: [Package] wechatgame@1.0.2 enable
4-19-2024 21:17:43 - verbose: [Package] wechatprogram@1.0.2 enable
4-19-2024 21:17:43 - verbose: [Package] windows@1.0.1 enable
4-19-2024 21:17:43 - verbose: [Build-plugin] register pkg taobao-mini-game: 161ms
4-19-2024 21:17:43 - verbose: [Package] xiaomi-quick-game@1.0.1 enable
4-19-2024 21:17:43 - verbose: [Build-plugin] register pkg vivo-mini-game: 159ms
4-19-2024 21:17:43 - verbose: [Build-plugin] register pkg web-desktop: 158ms
4-19-2024 21:17:43 - verbose: [Build-plugin] register pkg web-mobile: 157ms
4-19-2024 21:17:43 - verbose: [Package] ccc-quick-finder@1.4.0.20210910 enable
4-19-2024 21:17:43 - verbose: [Package] hot-update@0.0.2 enable
4-19-2024 21:17:43 - verbose: [Build-plugin] register pkg hot-update: 1ms
4-19-2024 21:17:43 - verbose: [Build-plugin] register pkg wechatgame: 174ms
4-19-2024 21:17:43 - verbose: [Package] hot-update-tools@1.0.5 enable
4-19-2024 21:17:43 - verbose: [Build-plugin] register pkg hot-update-tools: 1ms
4-19-2024 21:17:43 - verbose: [Build-plugin] register pkg windows: 169ms
4-19-2024 21:17:43 - verbose: [Build-plugin] register pkg xiaomi-quick-game: 147ms
4-19-2024 21:17:43 - verbose: [Package] placeholder@1.0.0 enable
4-19-2024 21:17:48 - verbose: asset-db is ready!
4-19-2024 21:17:49 - info: [Scene] [Physics][Bullet]: Using asmjs Bullet libs.
4-19-2024 21:17:49 - info: [Scene] [PHYSICS]: using builtin.
4-19-2024 21:17:50 - log: [Scene] Cocos Creator v3.7.4
4-19-2024 21:17:50 - info: [Scene] Forward render pipeline initialized.
4-19-2024 21:17:50 - log: [Scene] env= true web
4-19-2024 21:17:50 - warn: [Scene] 'systemEvent' is deprecated since v3.4.0, please use 'input' instead.Error: [Scene] 'systemEvent' is deprecated since v3.4.0, please use 'input' instead.
    at warn (/Applications/Cocos/Creator/3.7.4/CocosCreator.app/Contents/Resources/resources/3d/engine/bin/.cache/dev/editor/bundled/index.js:161617:12)
    at warnID (/Applications/Cocos/Creator/3.7.4/CocosCreator.app/Contents/Resources/resources/3d/engine/bin/.cache/dev/editor/bundled/index.js:161836:5)
    at _checkObsoleteByName (/Applications/Cocos/Creator/3.7.4/CocosCreator.app/Contents/Resources/resources/3d/engine/bin/.cache/dev/editor/bundled/index.js:177567:7)
    at __checkObsolete__ (/Applications/Cocos/Creator/3.7.4/CocosCreator.app/Contents/Resources/resources/3d/engine/bin/.cache/dev/editor/bundled/index.js:177587:7)
    at Object.execute (file:///Users/geliang/web/dibai/hall/temp/programming/packer-driver/targets/editor/chunks/09/09451c383a6943120521e38f80d3d28baa3237c9.js:131:7)
    at doExec (/Applications/Cocos/Creator/3.7.4/CocosCreator.app/Contents/Resources/app.asar/node_modules/@editor/lib-programming/static/executor/systemjs-bridge/out/index.js:517:30)
    at postOrderExec (/Applications/Cocos/Creator/3.7.4/CocosCreator.app/Contents/Resources/app.asar/node_modules/@editor/lib-programming/static/executor/systemjs-bridge/out/index.js:508:21)
4-19-2024 21:17:50 - warn: [Scene] 'systemEvent' is deprecated since v3.4.0, please use 'input' instead.Error: [Scene] 'systemEvent' is deprecated since v3.4.0, please use 'input' instead.
    at warn (/Applications/Cocos/Creator/3.7.4/CocosCreator.app/Contents/Resources/resources/3d/engine/bin/.cache/dev/editor/bundled/index.js:161617:12)
    at warnID (/Applications/Cocos/Creator/3.7.4/CocosCreator.app/Contents/Resources/resources/3d/engine/bin/.cache/dev/editor/bundled/index.js:161836:5)
    at _checkObsoleteByName (/Applications/Cocos/Creator/3.7.4/CocosCreator.app/Contents/Resources/resources/3d/engine/bin/.cache/dev/editor/bundled/index.js:177567:7)
    at __checkObsolete__ (/Applications/Cocos/Creator/3.7.4/CocosCreator.app/Contents/Resources/resources/3d/engine/bin/.cache/dev/editor/bundled/index.js:177587:7)
    at Object.execute (file:///Users/geliang/web/dibai/hall/temp/programming/packer-driver/targets/editor/chunks/f6/f6a225696937a3b54fa56788c7b6b79a58f626cd.js:42:7)
    at doExec (/Applications/Cocos/Creator/3.7.4/CocosCreator.app/Contents/Resources/app.asar/node_modules/@editor/lib-programming/static/executor/systemjs-bridge/out/index.js:517:30)
    at postOrderExec (/Applications/Cocos/Creator/3.7.4/CocosCreator.app/Contents/Resources/app.asar/node_modules/@editor/lib-programming/static/executor/systemjs-bridge/out/index.js:508:21)
4-19-2024 21:17:50 - warn: [Scene] 'systemEvent' is deprecated since v3.4.0, please use 'input' instead.Error: [Scene] 'systemEvent' is deprecated since v3.4.0, please use 'input' instead.
    at warn (/Applications/Cocos/Creator/3.7.4/CocosCreator.app/Contents/Resources/resources/3d/engine/bin/.cache/dev/editor/bundled/index.js:161617:12)
    at warnID (/Applications/Cocos/Creator/3.7.4/CocosCreator.app/Contents/Resources/resources/3d/engine/bin/.cache/dev/editor/bundled/index.js:161836:5)
    at _checkObsoleteByName (/Applications/Cocos/Creator/3.7.4/CocosCreator.app/Contents/Resources/resources/3d/engine/bin/.cache/dev/editor/bundled/index.js:177567:7)
    at __checkObsolete__ (/Applications/Cocos/Creator/3.7.4/CocosCreator.app/Contents/Resources/resources/3d/engine/bin/.cache/dev/editor/bundled/index.js:177587:7)
    at Object.execute (file:///Users/geliang/web/dibai/hall/temp/programming/packer-driver/targets/editor/chunks/1f/1f950fdb7f30e33b82e99c40a981a3795458bc93.js:27:7)
    at doExec (/Applications/Cocos/Creator/3.7.4/CocosCreator.app/Contents/Resources/app.asar/node_modules/@editor/lib-programming/static/executor/systemjs-bridge/out/index.js:517:30)
    at postOrderExec (/Applications/Cocos/Creator/3.7.4/CocosCreator.app/Contents/Resources/app.asar/node_modules/@editor/lib-programming/static/executor/systemjs-bridge/out/index.js:508:21)
4-19-2024 21:17:50 - warn: [Scene] 'systemEvent' is deprecated since v3.4.0, please use 'input' instead.Error: [Scene] 'systemEvent' is deprecated since v3.4.0, please use 'input' instead.
    at warn (/Applications/Cocos/Creator/3.7.4/CocosCreator.app/Contents/Resources/resources/3d/engine/bin/.cache/dev/editor/bundled/index.js:161617:12)
    at warnID (/Applications/Cocos/Creator/3.7.4/CocosCreator.app/Contents/Resources/resources/3d/engine/bin/.cache/dev/editor/bundled/index.js:161836:5)
    at _checkObsoleteByName (/Applications/Cocos/Creator/3.7.4/CocosCreator.app/Contents/Resources/resources/3d/engine/bin/.cache/dev/editor/bundled/index.js:177567:7)
    at __checkObsolete__ (/Applications/Cocos/Creator/3.7.4/CocosCreator.app/Contents/Resources/resources/3d/engine/bin/.cache/dev/editor/bundled/index.js:177587:7)
    at Object.execute (file:///Users/geliang/web/dibai/hall/temp/programming/packer-driver/targets/editor/chunks/1d/1d43f90bd7f78a86fea54fb6c12becd8143a7bbf.js:27:7)
    at doExec (/Applications/Cocos/Creator/3.7.4/CocosCreator.app/Contents/Resources/app.asar/node_modules/@editor/lib-programming/static/executor/systemjs-bridge/out/index.js:517:30)
    at postOrderExec (/Applications/Cocos/Creator/3.7.4/CocosCreator.app/Contents/Resources/app.asar/node_modules/@editor/lib-programming/static/executor/systemjs-bridge/out/index.js:508:21)
4-19-2024 21:17:50 - warn: [Scene] 'systemEvent' is deprecated since v3.4.0, please use 'input' instead.Error: [Scene] 'systemEvent' is deprecated since v3.4.0, please use 'input' instead.
    at warn (/Applications/Cocos/Creator/3.7.4/CocosCreator.app/Contents/Resources/resources/3d/engine/bin/.cache/dev/editor/bundled/index.js:161617:12)
    at warnID (/Applications/Cocos/Creator/3.7.4/CocosCreator.app/Contents/Resources/resources/3d/engine/bin/.cache/dev/editor/bundled/index.js:161836:5)
    at _checkObsoleteByName (/Applications/Cocos/Creator/3.7.4/CocosCreator.app/Contents/Resources/resources/3d/engine/bin/.cache/dev/editor/bundled/index.js:177567:7)
    at __checkObsolete__ (/Applications/Cocos/Creator/3.7.4/CocosCreator.app/Contents/Resources/resources/3d/engine/bin/.cache/dev/editor/bundled/index.js:177587:7)
    at Object.execute (file:///Users/geliang/web/dibai/hall/temp/programming/packer-driver/targets/editor/chunks/45/45f6f4c07e7080a0775b2bae55f4de2865f3430b.js:79:7)
    at doExec (/Applications/Cocos/Creator/3.7.4/CocosCreator.app/Contents/Resources/app.asar/node_modules/@editor/lib-programming/static/executor/systemjs-bridge/out/index.js:517:30)
    at postOrderExec (/Applications/Cocos/Creator/3.7.4/CocosCreator.app/Contents/Resources/app.asar/node_modules/@editor/lib-programming/static/executor/systemjs-bridge/out/index.js:508:21)
4-19-2024 21:17:50 - warn: [Scene] 'systemEvent' is deprecated since v3.4.0, please use 'input' instead.Error: [Scene] 'systemEvent' is deprecated since v3.4.0, please use 'input' instead.
    at warn (/Applications/Cocos/Creator/3.7.4/CocosCreator.app/Contents/Resources/resources/3d/engine/bin/.cache/dev/editor/bundled/index.js:161617:12)
    at warnID (/Applications/Cocos/Creator/3.7.4/CocosCreator.app/Contents/Resources/resources/3d/engine/bin/.cache/dev/editor/bundled/index.js:161836:5)
    at _checkObsoleteByName (/Applications/Cocos/Creator/3.7.4/CocosCreator.app/Contents/Resources/resources/3d/engine/bin/.cache/dev/editor/bundled/index.js:177567:7)
    at __checkObsolete__ (/Applications/Cocos/Creator/3.7.4/CocosCreator.app/Contents/Resources/resources/3d/engine/bin/.cache/dev/editor/bundled/index.js:177587:7)
    at Object.execute (file:///Users/geliang/web/dibai/hall/temp/programming/packer-driver/targets/editor/chunks/83/830fb550fac2651e6996bf430ea62761b823bc29.js:40:7)
    at doExec (/Applications/Cocos/Creator/3.7.4/CocosCreator.app/Contents/Resources/app.asar/node_modules/@editor/lib-programming/static/executor/systemjs-bridge/out/index.js:517:30)
    at postOrderExec (/Applications/Cocos/Creator/3.7.4/CocosCreator.app/Contents/Resources/app.asar/node_modules/@editor/lib-programming/static/executor/systemjs-bridge/out/index.js:508:21)
4-19-2024 21:17:50 - warn: [Scene] 'ToggleComponent' is deprecated since v1.2.0, please use 'Toggle' instead.Error: [Scene] 'ToggleComponent' is deprecated since v1.2.0, please use 'Toggle' instead.
    at warn (/Applications/Cocos/Creator/3.7.4/CocosCreator.app/Contents/Resources/resources/3d/engine/bin/.cache/dev/editor/bundled/index.js:161617:12)
    at warnID (/Applications/Cocos/Creator/3.7.4/CocosCreator.app/Contents/Resources/resources/3d/engine/bin/.cache/dev/editor/bundled/index.js:161836:5)
    at _checkObsoleteByName (/Applications/Cocos/Creator/3.7.4/CocosCreator.app/Contents/Resources/resources/3d/engine/bin/.cache/dev/editor/bundled/index.js:177567:7)
    at __checkObsolete__ (/Applications/Cocos/Creator/3.7.4/CocosCreator.app/Contents/Resources/resources/3d/engine/bin/.cache/dev/editor/bundled/index.js:177587:7)
    at Object.execute (file:///Users/geliang/web/dibai/hall/temp/programming/packer-driver/targets/editor/chunks/61/61b12f6372be24c5a89e9e051a589e0a48d47ce9.js:128:7)
    at doExec (/Applications/Cocos/Creator/3.7.4/CocosCreator.app/Contents/Resources/app.asar/node_modules/@editor/lib-programming/static/executor/systemjs-bridge/out/index.js:517:30)
    at postOrderExec (/Applications/Cocos/Creator/3.7.4/CocosCreator.app/Contents/Resources/app.asar/node_modules/@editor/lib-programming/static/executor/systemjs-bridge/out/index.js:508:21)
4-19-2024 21:17:50 - warn: [Scene] 'ToggleComponent' is deprecated since v1.2.0, please use 'Toggle' instead.Error: [Scene] 'ToggleComponent' is deprecated since v1.2.0, please use 'Toggle' instead.
    at warn (/Applications/Cocos/Creator/3.7.4/CocosCreator.app/Contents/Resources/resources/3d/engine/bin/.cache/dev/editor/bundled/index.js:161617:12)
    at warnID (/Applications/Cocos/Creator/3.7.4/CocosCreator.app/Contents/Resources/resources/3d/engine/bin/.cache/dev/editor/bundled/index.js:161836:5)
    at _checkObsoleteByName (/Applications/Cocos/Creator/3.7.4/CocosCreator.app/Contents/Resources/resources/3d/engine/bin/.cache/dev/editor/bundled/index.js:177567:7)
    at __checkObsolete__ (/Applications/Cocos/Creator/3.7.4/CocosCreator.app/Contents/Resources/resources/3d/engine/bin/.cache/dev/editor/bundled/index.js:177587:7)
    at Object.execute (file:///Users/geliang/web/dibai/hall/temp/programming/packer-driver/targets/editor/chunks/8f/8f0d81155fa33fbd4eb3d3bfec36a8bfb009343c.js:111:7)
    at doExec (/Applications/Cocos/Creator/3.7.4/CocosCreator.app/Contents/Resources/app.asar/node_modules/@editor/lib-programming/static/executor/systemjs-bridge/out/index.js:517:30)
    at postOrderExec (/Applications/Cocos/Creator/3.7.4/CocosCreator.app/Contents/Resources/app.asar/node_modules/@editor/lib-programming/static/executor/systemjs-bridge/out/index.js:508:21)
4-19-2024 21:17:50 - warn: [Scene] Warning: localStorage isn't enabled. Please confirm browser cookie or privacy optionError: [Scene] Warning: localStorage isn't enabled. Please confirm browser cookie or privacy option
    at warn (/Applications/Cocos/Creator/3.7.4/CocosCreator.app/Contents/Resources/resources/3d/engine/bin/.cache/dev/editor/bundled/index.js:161617:12)
    at warnID (/Applications/Cocos/Creator/3.7.4/CocosCreator.app/Contents/Resources/resources/3d/engine/bin/.cache/dev/editor/bundled/index.js:161836:5)
    at Object.getItem (/Applications/Cocos/Creator/3.7.4/CocosCreator.app/Contents/Resources/resources/3d/engine/bin/.cache/dev/editor/bundled/index.js:163543:17)
    at Object.execute (file:///Users/geliang/web/dibai/hall/temp/programming/packer-driver/targets/editor/chunks/d9/file:/Users/geliang/web/dibai/hall/assets/script/subGame/dragon/Slot/Repositories/SocketRepository.ts:9:35)
    at doExec (/Applications/Cocos/Creator/3.7.4/CocosCreator.app/Contents/Resources/app.asar/node_modules/@editor/lib-programming/static/executor/systemjs-bridge/out/index.js:517:30)
    at postOrderExec (/Applications/Cocos/Creator/3.7.4/CocosCreator.app/Contents/Resources/app.asar/node_modules/@editor/lib-programming/static/executor/systemjs-bridge/out/index.js:508:21)
    at /Applications/Cocos/Creator/3.7.4/CocosCreator.app/Contents/Resources/app.asar/node_modules/@editor/lib-programming/static/executor/systemjs-bridge/out/index.js:493:28
4-19-2024 21:17:50 - warn: [Scene] Warning: localStorage isn't enabled. Please confirm browser cookie or privacy optionError: [Scene] Warning: localStorage isn't enabled. Please confirm browser cookie or privacy option
    at warn (/Applications/Cocos/Creator/3.7.4/CocosCreator.app/Contents/Resources/resources/3d/engine/bin/.cache/dev/editor/bundled/index.js:161617:12)
    at warnID (/Applications/Cocos/Creator/3.7.4/CocosCreator.app/Contents/Resources/resources/3d/engine/bin/.cache/dev/editor/bundled/index.js:161836:5)
    at Object.getItem (/Applications/Cocos/Creator/3.7.4/CocosCreator.app/Contents/Resources/resources/3d/engine/bin/.cache/dev/editor/bundled/index.js:163543:17)
    at Object.execute (file:///Users/geliang/web/dibai/hall/temp/programming/packer-driver/targets/editor/chunks/18/file:/Users/geliang/web/dibai/hall/assets/script/subGame/egypt/Slot/Repositories/SocketRepository.ts:9:29)
    at doExec (/Applications/Cocos/Creator/3.7.4/CocosCreator.app/Contents/Resources/app.asar/node_modules/@editor/lib-programming/static/executor/systemjs-bridge/out/index.js:517:30)
    at postOrderExec (/Applications/Cocos/Creator/3.7.4/CocosCreator.app/Contents/Resources/app.asar/node_modules/@editor/lib-programming/static/executor/systemjs-bridge/out/index.js:508:21)
    at /Applications/Cocos/Creator/3.7.4/CocosCreator.app/Contents/Resources/app.asar/node_modules/@editor/lib-programming/static/executor/systemjs-bridge/out/index.js:493:28
4-19-2024 21:17:51 - warn: [Scene] 'ToggleComponent' is deprecated since v1.2.0, please use 'Toggle' instead.Error: [Scene] 'ToggleComponent' is deprecated since v1.2.0, please use 'Toggle' instead.
    at warn (/Applications/Cocos/Creator/3.7.4/CocosCreator.app/Contents/Resources/resources/3d/engine/bin/.cache/dev/editor/bundled/index.js:161617:12)
    at warnID (/Applications/Cocos/Creator/3.7.4/CocosCreator.app/Contents/Resources/resources/3d/engine/bin/.cache/dev/editor/bundled/index.js:161836:5)
    at _checkObsoleteByName (/Applications/Cocos/Creator/3.7.4/CocosCreator.app/Contents/Resources/resources/3d/engine/bin/.cache/dev/editor/bundled/index.js:177567:7)
    at __checkObsolete__ (/Applications/Cocos/Creator/3.7.4/CocosCreator.app/Contents/Resources/resources/3d/engine/bin/.cache/dev/editor/bundled/index.js:177587:7)
    at Object.execute (file:///Users/geliang/web/dibai/hall/temp/programming/packer-driver/targets/editor/chunks/64/6480d89ee74ea13a5d54c634b1bf41faf8552020.js:112:7)
    at doExec (/Applications/Cocos/Creator/3.7.4/CocosCreator.app/Contents/Resources/app.asar/node_modules/@editor/lib-programming/static/executor/systemjs-bridge/out/index.js:517:30)
    at postOrderExec (/Applications/Cocos/Creator/3.7.4/CocosCreator.app/Contents/Resources/app.asar/node_modules/@editor/lib-programming/static/executor/systemjs-bridge/out/index.js:508:21)
4-19-2024 21:17:51 - warn: [Scene] Warning: localStorage isn't enabled. Please confirm browser cookie or privacy optionError: [Scene] Warning: localStorage isn't enabled. Please confirm browser cookie or privacy option
    at warn (/Applications/Cocos/Creator/3.7.4/CocosCreator.app/Contents/Resources/resources/3d/engine/bin/.cache/dev/editor/bundled/index.js:161617:12)
    at warnID (/Applications/Cocos/Creator/3.7.4/CocosCreator.app/Contents/Resources/resources/3d/engine/bin/.cache/dev/editor/bundled/index.js:161836:5)
    at Object.getItem (/Applications/Cocos/Creator/3.7.4/CocosCreator.app/Contents/Resources/resources/3d/engine/bin/.cache/dev/editor/bundled/index.js:163543:17)
    at Object.execute (file:///Users/geliang/web/dibai/hall/temp/programming/packer-driver/targets/editor/chunks/1d/file:/Users/geliang/web/dibai/hall/assets/script/subGame/godWealth/Slot/Repositories/SocketRepository.ts:10:29)
    at doExec (/Applications/Cocos/Creator/3.7.4/CocosCreator.app/Contents/Resources/app.asar/node_modules/@editor/lib-programming/static/executor/systemjs-bridge/out/index.js:517:30)
    at postOrderExec (/Applications/Cocos/Creator/3.7.4/CocosCreator.app/Contents/Resources/app.asar/node_modules/@editor/lib-programming/static/executor/systemjs-bridge/out/index.js:508:21)
    at /Applications/Cocos/Creator/3.7.4/CocosCreator.app/Contents/Resources/app.asar/node_modules/@editor/lib-programming/static/executor/systemjs-bridge/out/index.js:493:28
4-19-2024 21:17:51 - warn: [Scene] 'ToggleComponent' is deprecated since v1.2.0, please use 'Toggle' instead.Error: [Scene] 'ToggleComponent' is deprecated since v1.2.0, please use 'Toggle' instead.
    at warn (/Applications/Cocos/Creator/3.7.4/CocosCreator.app/Contents/Resources/resources/3d/engine/bin/.cache/dev/editor/bundled/index.js:161617:12)
    at warnID (/Applications/Cocos/Creator/3.7.4/CocosCreator.app/Contents/Resources/resources/3d/engine/bin/.cache/dev/editor/bundled/index.js:161836:5)
    at _checkObsoleteByName (/Applications/Cocos/Creator/3.7.4/CocosCreator.app/Contents/Resources/resources/3d/engine/bin/.cache/dev/editor/bundled/index.js:177567:7)
    at __checkObsolete__ (/Applications/Cocos/Creator/3.7.4/CocosCreator.app/Contents/Resources/resources/3d/engine/bin/.cache/dev/editor/bundled/index.js:177587:7)
    at Object.execute (file:///Users/geliang/web/dibai/hall/temp/programming/packer-driver/targets/editor/chunks/f9/f91e351c895d1c3de75e8df112e6c8c9254b37c7.js:134:7)
    at doExec (/Applications/Cocos/Creator/3.7.4/CocosCreator.app/Contents/Resources/app.asar/node_modules/@editor/lib-programming/static/executor/systemjs-bridge/out/index.js:517:30)
    at postOrderExec (/Applications/Cocos/Creator/3.7.4/CocosCreator.app/Contents/Resources/app.asar/node_modules/@editor/lib-programming/static/executor/systemjs-bridge/out/index.js:508:21)
4-19-2024 21:17:51 - warn: [Scene] Warning: localStorage isn't enabled. Please confirm browser cookie or privacy optionError: [Scene] Warning: localStorage isn't enabled. Please confirm browser cookie or privacy option
    at warn (/Applications/Cocos/Creator/3.7.4/CocosCreator.app/Contents/Resources/resources/3d/engine/bin/.cache/dev/editor/bundled/index.js:161617:12)
    at warnID (/Applications/Cocos/Creator/3.7.4/CocosCreator.app/Contents/Resources/resources/3d/engine/bin/.cache/dev/editor/bundled/index.js:161836:5)
    at Object.getItem (/Applications/Cocos/Creator/3.7.4/CocosCreator.app/Contents/Resources/resources/3d/engine/bin/.cache/dev/editor/bundled/index.js:163543:17)
    at Object.execute (file:///Users/geliang/web/dibai/hall/temp/programming/packer-driver/targets/editor/chunks/4a/file:/Users/geliang/web/dibai/hall/assets/script/subGame/gxfc/Slot/Repositories/SocketRepository.ts:9:35)
    at doExec (/Applications/Cocos/Creator/3.7.4/CocosCreator.app/Contents/Resources/app.asar/node_modules/@editor/lib-programming/static/executor/systemjs-bridge/out/index.js:517:30)
    at postOrderExec (/Applications/Cocos/Creator/3.7.4/CocosCreator.app/Contents/Resources/app.asar/node_modules/@editor/lib-programming/static/executor/systemjs-bridge/out/index.js:508:21)
    at /Applications/Cocos/Creator/3.7.4/CocosCreator.app/Contents/Resources/app.asar/node_modules/@editor/lib-programming/static/executor/systemjs-bridge/out/index.js:493:28
4-19-2024 21:17:51 - warn: [Scene] Warning: localStorage isn't enabled. Please confirm browser cookie or privacy optionError: [Scene] Warning: localStorage isn't enabled. Please confirm browser cookie or privacy option
    at warn (/Applications/Cocos/Creator/3.7.4/CocosCreator.app/Contents/Resources/resources/3d/engine/bin/.cache/dev/editor/bundled/index.js:161617:12)
    at warnID (/Applications/Cocos/Creator/3.7.4/CocosCreator.app/Contents/Resources/resources/3d/engine/bin/.cache/dev/editor/bundled/index.js:161836:5)
    at Object.getItem (/Applications/Cocos/Creator/3.7.4/CocosCreator.app/Contents/Resources/resources/3d/engine/bin/.cache/dev/editor/bundled/index.js:163543:17)
    at Object.execute (file:///Users/geliang/web/dibai/hall/temp/programming/packer-driver/targets/editor/chunks/35/file:/Users/geliang/web/dibai/hall/assets/script/subGame/phoenix/Slot/Repositories/SocketRepository.ts:9:35)
    at doExec (/Applications/Cocos/Creator/3.7.4/CocosCreator.app/Contents/Resources/app.asar/node_modules/@editor/lib-programming/static/executor/systemjs-bridge/out/index.js:517:30)
    at postOrderExec (/Applications/Cocos/Creator/3.7.4/CocosCreator.app/Contents/Resources/app.asar/node_modules/@editor/lib-programming/static/executor/systemjs-bridge/out/index.js:508:21)
    at /Applications/Cocos/Creator/3.7.4/CocosCreator.app/Contents/Resources/app.asar/node_modules/@editor/lib-programming/static/executor/systemjs-bridge/out/index.js:493:28
4-19-2024 21:17:51 - info: [Scene] [PHYSICS2D]: switch from builtin to box2d.
4-19-2024 21:17:51 - log: [Scene] env= true web
4-19-2024 21:17:51 - warn: [Scene] 'systemEvent' is deprecated since v3.4.0, please use 'input' instead.Error: [Scene] 'systemEvent' is deprecated since v3.4.0, please use 'input' instead.
    at warn (/Applications/Cocos/Creator/3.7.4/CocosCreator.app/Contents/Resources/resources/3d/engine/bin/.cache/dev/editor/bundled/index.js:161617:12)
    at warnID (/Applications/Cocos/Creator/3.7.4/CocosCreator.app/Contents/Resources/resources/3d/engine/bin/.cache/dev/editor/bundled/index.js:161836:5)
    at _checkObsoleteByName (/Applications/Cocos/Creator/3.7.4/CocosCreator.app/Contents/Resources/resources/3d/engine/bin/.cache/dev/editor/bundled/index.js:177567:7)
    at __checkObsolete__ (/Applications/Cocos/Creator/3.7.4/CocosCreator.app/Contents/Resources/resources/3d/engine/bin/.cache/dev/editor/bundled/index.js:177587:7)
    at Object.execute (file:///Users/geliang/web/dibai/hall/temp/programming/packer-driver/targets/editor/chunks/09/09451c383a6943120521e38f80d3d28baa3237c9.js:131:7)
    at doExec (/Applications/Cocos/Creator/3.7.4/CocosCreator.app/Contents/Resources/app.asar/node_modules/@editor/lib-programming/static/executor/systemjs-bridge/out/index.js:517:30)
    at postOrderExec (/Applications/Cocos/Creator/3.7.4/CocosCreator.app/Contents/Resources/app.asar/node_modules/@editor/lib-programming/static/executor/systemjs-bridge/out/index.js:508:21)
4-19-2024 21:17:51 - warn: [Scene] 'systemEvent' is deprecated since v3.4.0, please use 'input' instead.Error: [Scene] 'systemEvent' is deprecated since v3.4.0, please use 'input' instead.
    at warn (/Applications/Cocos/Creator/3.7.4/CocosCreator.app/Contents/Resources/resources/3d/engine/bin/.cache/dev/editor/bundled/index.js:161617:12)
    at warnID (/Applications/Cocos/Creator/3.7.4/CocosCreator.app/Contents/Resources/resources/3d/engine/bin/.cache/dev/editor/bundled/index.js:161836:5)
    at _checkObsoleteByName (/Applications/Cocos/Creator/3.7.4/CocosCreator.app/Contents/Resources/resources/3d/engine/bin/.cache/dev/editor/bundled/index.js:177567:7)
    at __checkObsolete__ (/Applications/Cocos/Creator/3.7.4/CocosCreator.app/Contents/Resources/resources/3d/engine/bin/.cache/dev/editor/bundled/index.js:177587:7)
    at Object.execute (file:///Users/geliang/web/dibai/hall/temp/programming/packer-driver/targets/editor/chunks/f6/f6a225696937a3b54fa56788c7b6b79a58f626cd.js:42:7)
    at doExec (/Applications/Cocos/Creator/3.7.4/CocosCreator.app/Contents/Resources/app.asar/node_modules/@editor/lib-programming/static/executor/systemjs-bridge/out/index.js:517:30)
    at postOrderExec (/Applications/Cocos/Creator/3.7.4/CocosCreator.app/Contents/Resources/app.asar/node_modules/@editor/lib-programming/static/executor/systemjs-bridge/out/index.js:508:21)
4-19-2024 21:17:51 - warn: [Scene] 'systemEvent' is deprecated since v3.4.0, please use 'input' instead.Error: [Scene] 'systemEvent' is deprecated since v3.4.0, please use 'input' instead.
    at warn (/Applications/Cocos/Creator/3.7.4/CocosCreator.app/Contents/Resources/resources/3d/engine/bin/.cache/dev/editor/bundled/index.js:161617:12)
    at warnID (/Applications/Cocos/Creator/3.7.4/CocosCreator.app/Contents/Resources/resources/3d/engine/bin/.cache/dev/editor/bundled/index.js:161836:5)
    at _checkObsoleteByName (/Applications/Cocos/Creator/3.7.4/CocosCreator.app/Contents/Resources/resources/3d/engine/bin/.cache/dev/editor/bundled/index.js:177567:7)
    at __checkObsolete__ (/Applications/Cocos/Creator/3.7.4/CocosCreator.app/Contents/Resources/resources/3d/engine/bin/.cache/dev/editor/bundled/index.js:177587:7)
    at Object.execute (file:///Users/geliang/web/dibai/hall/temp/programming/packer-driver/targets/editor/chunks/1f/1f950fdb7f30e33b82e99c40a981a3795458bc93.js:27:7)
    at doExec (/Applications/Cocos/Creator/3.7.4/CocosCreator.app/Contents/Resources/app.asar/node_modules/@editor/lib-programming/static/executor/systemjs-bridge/out/index.js:517:30)
    at postOrderExec (/Applications/Cocos/Creator/3.7.4/CocosCreator.app/Contents/Resources/app.asar/node_modules/@editor/lib-programming/static/executor/systemjs-bridge/out/index.js:508:21)
4-19-2024 21:17:51 - warn: [Scene] 'systemEvent' is deprecated since v3.4.0, please use 'input' instead.Error: [Scene] 'systemEvent' is deprecated since v3.4.0, please use 'input' instead.
    at warn (/Applications/Cocos/Creator/3.7.4/CocosCreator.app/Contents/Resources/resources/3d/engine/bin/.cache/dev/editor/bundled/index.js:161617:12)
    at warnID (/Applications/Cocos/Creator/3.7.4/CocosCreator.app/Contents/Resources/resources/3d/engine/bin/.cache/dev/editor/bundled/index.js:161836:5)
    at _checkObsoleteByName (/Applications/Cocos/Creator/3.7.4/CocosCreator.app/Contents/Resources/resources/3d/engine/bin/.cache/dev/editor/bundled/index.js:177567:7)
    at __checkObsolete__ (/Applications/Cocos/Creator/3.7.4/CocosCreator.app/Contents/Resources/resources/3d/engine/bin/.cache/dev/editor/bundled/index.js:177587:7)
    at Object.execute (file:///Users/geliang/web/dibai/hall/temp/programming/packer-driver/targets/editor/chunks/1d/1d43f90bd7f78a86fea54fb6c12becd8143a7bbf.js:27:7)
    at doExec (/Applications/Cocos/Creator/3.7.4/CocosCreator.app/Contents/Resources/app.asar/node_modules/@editor/lib-programming/static/executor/systemjs-bridge/out/index.js:517:30)
    at postOrderExec (/Applications/Cocos/Creator/3.7.4/CocosCreator.app/Contents/Resources/app.asar/node_modules/@editor/lib-programming/static/executor/systemjs-bridge/out/index.js:508:21)
4-19-2024 21:17:51 - warn: [Scene] 'systemEvent' is deprecated since v3.4.0, please use 'input' instead.Error: [Scene] 'systemEvent' is deprecated since v3.4.0, please use 'input' instead.
    at warn (/Applications/Cocos/Creator/3.7.4/CocosCreator.app/Contents/Resources/resources/3d/engine/bin/.cache/dev/editor/bundled/index.js:161617:12)
    at warnID (/Applications/Cocos/Creator/3.7.4/CocosCreator.app/Contents/Resources/resources/3d/engine/bin/.cache/dev/editor/bundled/index.js:161836:5)
    at _checkObsoleteByName (/Applications/Cocos/Creator/3.7.4/CocosCreator.app/Contents/Resources/resources/3d/engine/bin/.cache/dev/editor/bundled/index.js:177567:7)
    at __checkObsolete__ (/Applications/Cocos/Creator/3.7.4/CocosCreator.app/Contents/Resources/resources/3d/engine/bin/.cache/dev/editor/bundled/index.js:177587:7)
    at Object.execute (file:///Users/geliang/web/dibai/hall/temp/programming/packer-driver/targets/editor/chunks/45/45f6f4c07e7080a0775b2bae55f4de2865f3430b.js:79:7)
    at doExec (/Applications/Cocos/Creator/3.7.4/CocosCreator.app/Contents/Resources/app.asar/node_modules/@editor/lib-programming/static/executor/systemjs-bridge/out/index.js:517:30)
    at postOrderExec (/Applications/Cocos/Creator/3.7.4/CocosCreator.app/Contents/Resources/app.asar/node_modules/@editor/lib-programming/static/executor/systemjs-bridge/out/index.js:508:21)
4-19-2024 21:17:51 - warn: [Scene] 'systemEvent' is deprecated since v3.4.0, please use 'input' instead.Error: [Scene] 'systemEvent' is deprecated since v3.4.0, please use 'input' instead.
    at warn (/Applications/Cocos/Creator/3.7.4/CocosCreator.app/Contents/Resources/resources/3d/engine/bin/.cache/dev/editor/bundled/index.js:161617:12)
    at warnID (/Applications/Cocos/Creator/3.7.4/CocosCreator.app/Contents/Resources/resources/3d/engine/bin/.cache/dev/editor/bundled/index.js:161836:5)
    at _checkObsoleteByName (/Applications/Cocos/Creator/3.7.4/CocosCreator.app/Contents/Resources/resources/3d/engine/bin/.cache/dev/editor/bundled/index.js:177567:7)
    at __checkObsolete__ (/Applications/Cocos/Creator/3.7.4/CocosCreator.app/Contents/Resources/resources/3d/engine/bin/.cache/dev/editor/bundled/index.js:177587:7)
    at Object.execute (file:///Users/geliang/web/dibai/hall/temp/programming/packer-driver/targets/editor/chunks/83/830fb550fac2651e6996bf430ea62761b823bc29.js:40:7)
    at doExec (/Applications/Cocos/Creator/3.7.4/CocosCreator.app/Contents/Resources/app.asar/node_modules/@editor/lib-programming/static/executor/systemjs-bridge/out/index.js:517:30)
    at postOrderExec (/Applications/Cocos/Creator/3.7.4/CocosCreator.app/Contents/Resources/app.asar/node_modules/@editor/lib-programming/static/executor/systemjs-bridge/out/index.js:508:21)
4-19-2024 21:17:51 - warn: [Scene] 'ToggleComponent' is deprecated since v1.2.0, please use 'Toggle' instead.Error: [Scene] 'ToggleComponent' is deprecated since v1.2.0, please use 'Toggle' instead.
    at warn (/Applications/Cocos/Creator/3.7.4/CocosCreator.app/Contents/Resources/resources/3d/engine/bin/.cache/dev/editor/bundled/index.js:161617:12)
    at warnID (/Applications/Cocos/Creator/3.7.4/CocosCreator.app/Contents/Resources/resources/3d/engine/bin/.cache/dev/editor/bundled/index.js:161836:5)
    at _checkObsoleteByName (/Applications/Cocos/Creator/3.7.4/CocosCreator.app/Contents/Resources/resources/3d/engine/bin/.cache/dev/editor/bundled/index.js:177567:7)
    at __checkObsolete__ (/Applications/Cocos/Creator/3.7.4/CocosCreator.app/Contents/Resources/resources/3d/engine/bin/.cache/dev/editor/bundled/index.js:177587:7)
    at Object.execute (file:///Users/geliang/web/dibai/hall/temp/programming/packer-driver/targets/editor/chunks/61/61b12f6372be24c5a89e9e051a589e0a48d47ce9.js:128:7)
    at doExec (/Applications/Cocos/Creator/3.7.4/CocosCreator.app/Contents/Resources/app.asar/node_modules/@editor/lib-programming/static/executor/systemjs-bridge/out/index.js:517:30)
    at postOrderExec (/Applications/Cocos/Creator/3.7.4/CocosCreator.app/Contents/Resources/app.asar/node_modules/@editor/lib-programming/static/executor/systemjs-bridge/out/index.js:508:21)
4-19-2024 21:17:52 - warn: [Scene] 'ToggleComponent' is deprecated since v1.2.0, please use 'Toggle' instead.Error: [Scene] 'ToggleComponent' is deprecated since v1.2.0, please use 'Toggle' instead.
    at warn (/Applications/Cocos/Creator/3.7.4/CocosCreator.app/Contents/Resources/resources/3d/engine/bin/.cache/dev/editor/bundled/index.js:161617:12)
    at warnID (/Applications/Cocos/Creator/3.7.4/CocosCreator.app/Contents/Resources/resources/3d/engine/bin/.cache/dev/editor/bundled/index.js:161836:5)
    at _checkObsoleteByName (/Applications/Cocos/Creator/3.7.4/CocosCreator.app/Contents/Resources/resources/3d/engine/bin/.cache/dev/editor/bundled/index.js:177567:7)
    at __checkObsolete__ (/Applications/Cocos/Creator/3.7.4/CocosCreator.app/Contents/Resources/resources/3d/engine/bin/.cache/dev/editor/bundled/index.js:177587:7)
    at Object.execute (file:///Users/geliang/web/dibai/hall/temp/programming/packer-driver/targets/editor/chunks/8f/8f0d81155fa33fbd4eb3d3bfec36a8bfb009343c.js:111:7)
    at doExec (/Applications/Cocos/Creator/3.7.4/CocosCreator.app/Contents/Resources/app.asar/node_modules/@editor/lib-programming/static/executor/systemjs-bridge/out/index.js:517:30)
    at postOrderExec (/Applications/Cocos/Creator/3.7.4/CocosCreator.app/Contents/Resources/app.asar/node_modules/@editor/lib-programming/static/executor/systemjs-bridge/out/index.js:508:21)
4-19-2024 21:17:52 - warn: [Scene] Warning: localStorage isn't enabled. Please confirm browser cookie or privacy optionError: [Scene] Warning: localStorage isn't enabled. Please confirm browser cookie or privacy option
    at warn (/Applications/Cocos/Creator/3.7.4/CocosCreator.app/Contents/Resources/resources/3d/engine/bin/.cache/dev/editor/bundled/index.js:161617:12)
    at warnID (/Applications/Cocos/Creator/3.7.4/CocosCreator.app/Contents/Resources/resources/3d/engine/bin/.cache/dev/editor/bundled/index.js:161836:5)
    at Object.getItem (/Applications/Cocos/Creator/3.7.4/CocosCreator.app/Contents/Resources/resources/3d/engine/bin/.cache/dev/editor/bundled/index.js:163543:17)
    at Object.execute (file:///Users/geliang/web/dibai/hall/temp/programming/packer-driver/targets/editor/chunks/d9/file:/Users/geliang/web/dibai/hall/assets/script/subGame/dragon/Slot/Repositories/SocketRepository.ts:9:35)
    at doExec (/Applications/Cocos/Creator/3.7.4/CocosCreator.app/Contents/Resources/app.asar/node_modules/@editor/lib-programming/static/executor/systemjs-bridge/out/index.js:517:30)
    at postOrderExec (/Applications/Cocos/Creator/3.7.4/CocosCreator.app/Contents/Resources/app.asar/node_modules/@editor/lib-programming/static/executor/systemjs-bridge/out/index.js:508:21)
    at /Applications/Cocos/Creator/3.7.4/CocosCreator.app/Contents/Resources/app.asar/node_modules/@editor/lib-programming/static/executor/systemjs-bridge/out/index.js:493:28
4-19-2024 21:17:52 - warn: [Scene] Warning: localStorage isn't enabled. Please confirm browser cookie or privacy optionError: [Scene] Warning: localStorage isn't enabled. Please confirm browser cookie or privacy option
    at warn (/Applications/Cocos/Creator/3.7.4/CocosCreator.app/Contents/Resources/resources/3d/engine/bin/.cache/dev/editor/bundled/index.js:161617:12)
    at warnID (/Applications/Cocos/Creator/3.7.4/CocosCreator.app/Contents/Resources/resources/3d/engine/bin/.cache/dev/editor/bundled/index.js:161836:5)
    at Object.getItem (/Applications/Cocos/Creator/3.7.4/CocosCreator.app/Contents/Resources/resources/3d/engine/bin/.cache/dev/editor/bundled/index.js:163543:17)
    at Object.execute (file:///Users/geliang/web/dibai/hall/temp/programming/packer-driver/targets/editor/chunks/18/file:/Users/geliang/web/dibai/hall/assets/script/subGame/egypt/Slot/Repositories/SocketRepository.ts:9:29)
    at doExec (/Applications/Cocos/Creator/3.7.4/CocosCreator.app/Contents/Resources/app.asar/node_modules/@editor/lib-programming/static/executor/systemjs-bridge/out/index.js:517:30)
    at postOrderExec (/Applications/Cocos/Creator/3.7.4/CocosCreator.app/Contents/Resources/app.asar/node_modules/@editor/lib-programming/static/executor/systemjs-bridge/out/index.js:508:21)
    at /Applications/Cocos/Creator/3.7.4/CocosCreator.app/Contents/Resources/app.asar/node_modules/@editor/lib-programming/static/executor/systemjs-bridge/out/index.js:493:28
4-19-2024 21:17:52 - warn: [Scene] 'ToggleComponent' is deprecated since v1.2.0, please use 'Toggle' instead.Error: [Scene] 'ToggleComponent' is deprecated since v1.2.0, please use 'Toggle' instead.
    at warn (/Applications/Cocos/Creator/3.7.4/CocosCreator.app/Contents/Resources/resources/3d/engine/bin/.cache/dev/editor/bundled/index.js:161617:12)
    at warnID (/Applications/Cocos/Creator/3.7.4/CocosCreator.app/Contents/Resources/resources/3d/engine/bin/.cache/dev/editor/bundled/index.js:161836:5)
    at _checkObsoleteByName (/Applications/Cocos/Creator/3.7.4/CocosCreator.app/Contents/Resources/resources/3d/engine/bin/.cache/dev/editor/bundled/index.js:177567:7)
    at __checkObsolete__ (/Applications/Cocos/Creator/3.7.4/CocosCreator.app/Contents/Resources/resources/3d/engine/bin/.cache/dev/editor/bundled/index.js:177587:7)
    at Object.execute (file:///Users/geliang/web/dibai/hall/temp/programming/packer-driver/targets/editor/chunks/64/6480d89ee74ea13a5d54c634b1bf41faf8552020.js:112:7)
    at doExec (/Applications/Cocos/Creator/3.7.4/CocosCreator.app/Contents/Resources/app.asar/node_modules/@editor/lib-programming/static/executor/systemjs-bridge/out/index.js:517:30)
    at postOrderExec (/Applications/Cocos/Creator/3.7.4/CocosCreator.app/Contents/Resources/app.asar/node_modules/@editor/lib-programming/static/executor/systemjs-bridge/out/index.js:508:21)
4-19-2024 21:17:52 - warn: [Scene] Warning: localStorage isn't enabled. Please confirm browser cookie or privacy optionError: [Scene] Warning: localStorage isn't enabled. Please confirm browser cookie or privacy option
    at warn (/Applications/Cocos/Creator/3.7.4/CocosCreator.app/Contents/Resources/resources/3d/engine/bin/.cache/dev/editor/bundled/index.js:161617:12)
    at warnID (/Applications/Cocos/Creator/3.7.4/CocosCreator.app/Contents/Resources/resources/3d/engine/bin/.cache/dev/editor/bundled/index.js:161836:5)
    at Object.getItem (/Applications/Cocos/Creator/3.7.4/CocosCreator.app/Contents/Resources/resources/3d/engine/bin/.cache/dev/editor/bundled/index.js:163543:17)
    at Object.execute (file:///Users/geliang/web/dibai/hall/temp/programming/packer-driver/targets/editor/chunks/1d/file:/Users/geliang/web/dibai/hall/assets/script/subGame/godWealth/Slot/Repositories/SocketRepository.ts:10:29)
    at doExec (/Applications/Cocos/Creator/3.7.4/CocosCreator.app/Contents/Resources/app.asar/node_modules/@editor/lib-programming/static/executor/systemjs-bridge/out/index.js:517:30)
    at postOrderExec (/Applications/Cocos/Creator/3.7.4/CocosCreator.app/Contents/Resources/app.asar/node_modules/@editor/lib-programming/static/executor/systemjs-bridge/out/index.js:508:21)
    at /Applications/Cocos/Creator/3.7.4/CocosCreator.app/Contents/Resources/app.asar/node_modules/@editor/lib-programming/static/executor/systemjs-bridge/out/index.js:493:28
4-19-2024 21:17:52 - warn: [Scene] 'ToggleComponent' is deprecated since v1.2.0, please use 'Toggle' instead.Error: [Scene] 'ToggleComponent' is deprecated since v1.2.0, please use 'Toggle' instead.
    at warn (/Applications/Cocos/Creator/3.7.4/CocosCreator.app/Contents/Resources/resources/3d/engine/bin/.cache/dev/editor/bundled/index.js:161617:12)
    at warnID (/Applications/Cocos/Creator/3.7.4/CocosCreator.app/Contents/Resources/resources/3d/engine/bin/.cache/dev/editor/bundled/index.js:161836:5)
    at _checkObsoleteByName (/Applications/Cocos/Creator/3.7.4/CocosCreator.app/Contents/Resources/resources/3d/engine/bin/.cache/dev/editor/bundled/index.js:177567:7)
    at __checkObsolete__ (/Applications/Cocos/Creator/3.7.4/CocosCreator.app/Contents/Resources/resources/3d/engine/bin/.cache/dev/editor/bundled/index.js:177587:7)
    at Object.execute (file:///Users/geliang/web/dibai/hall/temp/programming/packer-driver/targets/editor/chunks/f9/f91e351c895d1c3de75e8df112e6c8c9254b37c7.js:134:7)
    at doExec (/Applications/Cocos/Creator/3.7.4/CocosCreator.app/Contents/Resources/app.asar/node_modules/@editor/lib-programming/static/executor/systemjs-bridge/out/index.js:517:30)
    at postOrderExec (/Applications/Cocos/Creator/3.7.4/CocosCreator.app/Contents/Resources/app.asar/node_modules/@editor/lib-programming/static/executor/systemjs-bridge/out/index.js:508:21)
4-19-2024 21:17:52 - warn: [Scene] Warning: localStorage isn't enabled. Please confirm browser cookie or privacy optionError: [Scene] Warning: localStorage isn't enabled. Please confirm browser cookie or privacy option
    at warn (/Applications/Cocos/Creator/3.7.4/CocosCreator.app/Contents/Resources/resources/3d/engine/bin/.cache/dev/editor/bundled/index.js:161617:12)
    at warnID (/Applications/Cocos/Creator/3.7.4/CocosCreator.app/Contents/Resources/resources/3d/engine/bin/.cache/dev/editor/bundled/index.js:161836:5)
    at Object.getItem (/Applications/Cocos/Creator/3.7.4/CocosCreator.app/Contents/Resources/resources/3d/engine/bin/.cache/dev/editor/bundled/index.js:163543:17)
    at Object.execute (file:///Users/geliang/web/dibai/hall/temp/programming/packer-driver/targets/editor/chunks/4a/file:/Users/geliang/web/dibai/hall/assets/script/subGame/gxfc/Slot/Repositories/SocketRepository.ts:9:35)
    at doExec (/Applications/Cocos/Creator/3.7.4/CocosCreator.app/Contents/Resources/app.asar/node_modules/@editor/lib-programming/static/executor/systemjs-bridge/out/index.js:517:30)
    at postOrderExec (/Applications/Cocos/Creator/3.7.4/CocosCreator.app/Contents/Resources/app.asar/node_modules/@editor/lib-programming/static/executor/systemjs-bridge/out/index.js:508:21)
    at /Applications/Cocos/Creator/3.7.4/CocosCreator.app/Contents/Resources/app.asar/node_modules/@editor/lib-programming/static/executor/systemjs-bridge/out/index.js:493:28
4-19-2024 21:17:52 - warn: [Scene] Warning: localStorage isn't enabled. Please confirm browser cookie or privacy optionError: [Scene] Warning: localStorage isn't enabled. Please confirm browser cookie or privacy option
    at warn (/Applications/Cocos/Creator/3.7.4/CocosCreator.app/Contents/Resources/resources/3d/engine/bin/.cache/dev/editor/bundled/index.js:161617:12)
    at warnID (/Applications/Cocos/Creator/3.7.4/CocosCreator.app/Contents/Resources/resources/3d/engine/bin/.cache/dev/editor/bundled/index.js:161836:5)
    at Object.getItem (/Applications/Cocos/Creator/3.7.4/CocosCreator.app/Contents/Resources/resources/3d/engine/bin/.cache/dev/editor/bundled/index.js:163543:17)
    at Object.execute (file:///Users/geliang/web/dibai/hall/temp/programming/packer-driver/targets/editor/chunks/35/file:/Users/geliang/web/dibai/hall/assets/script/subGame/phoenix/Slot/Repositories/SocketRepository.ts:9:35)
    at doExec (/Applications/Cocos/Creator/3.7.4/CocosCreator.app/Contents/Resources/app.asar/node_modules/@editor/lib-programming/static/executor/systemjs-bridge/out/index.js:517:30)
    at postOrderExec (/Applications/Cocos/Creator/3.7.4/CocosCreator.app/Contents/Resources/app.asar/node_modules/@editor/lib-programming/static/executor/systemjs-bridge/out/index.js:508:21)
    at /Applications/Cocos/Creator/3.7.4/CocosCreator.app/Contents/Resources/app.asar/node_modules/@editor/lib-programming/static/executor/systemjs-bridge/out/index.js:493:28
4-19-2024 21:17:52 - log: [Scene] env= true web
4-19-2024 21:17:52 - warn: [Scene] 'systemEvent' is deprecated since v3.4.0, please use 'input' instead.Error: [Scene] 'systemEvent' is deprecated since v3.4.0, please use 'input' instead.
    at warn (/Applications/Cocos/Creator/3.7.4/CocosCreator.app/Contents/Resources/resources/3d/engine/bin/.cache/dev/editor/bundled/index.js:161617:12)
    at warnID (/Applications/Cocos/Creator/3.7.4/CocosCreator.app/Contents/Resources/resources/3d/engine/bin/.cache/dev/editor/bundled/index.js:161836:5)
    at _checkObsoleteByName (/Applications/Cocos/Creator/3.7.4/CocosCreator.app/Contents/Resources/resources/3d/engine/bin/.cache/dev/editor/bundled/index.js:177567:7)
    at __checkObsolete__ (/Applications/Cocos/Creator/3.7.4/CocosCreator.app/Contents/Resources/resources/3d/engine/bin/.cache/dev/editor/bundled/index.js:177587:7)
    at Object.execute (file:///Users/geliang/web/dibai/hall/temp/programming/packer-driver/targets/editor/chunks/09/09451c383a6943120521e38f80d3d28baa3237c9.js:131:7)
    at doExec (/Applications/Cocos/Creator/3.7.4/CocosCreator.app/Contents/Resources/app.asar/node_modules/@editor/lib-programming/static/executor/systemjs-bridge/out/index.js:517:30)
    at postOrderExec (/Applications/Cocos/Creator/3.7.4/CocosCreator.app/Contents/Resources/app.asar/node_modules/@editor/lib-programming/static/executor/systemjs-bridge/out/index.js:508:21)
4-19-2024 21:17:52 - warn: [Scene] 'systemEvent' is deprecated since v3.4.0, please use 'input' instead.Error: [Scene] 'systemEvent' is deprecated since v3.4.0, please use 'input' instead.
    at warn (/Applications/Cocos/Creator/3.7.4/CocosCreator.app/Contents/Resources/resources/3d/engine/bin/.cache/dev/editor/bundled/index.js:161617:12)
    at warnID (/Applications/Cocos/Creator/3.7.4/CocosCreator.app/Contents/Resources/resources/3d/engine/bin/.cache/dev/editor/bundled/index.js:161836:5)
    at _checkObsoleteByName (/Applications/Cocos/Creator/3.7.4/CocosCreator.app/Contents/Resources/resources/3d/engine/bin/.cache/dev/editor/bundled/index.js:177567:7)
    at __checkObsolete__ (/Applications/Cocos/Creator/3.7.4/CocosCreator.app/Contents/Resources/resources/3d/engine/bin/.cache/dev/editor/bundled/index.js:177587:7)
    at Object.execute (file:///Users/geliang/web/dibai/hall/temp/programming/packer-driver/targets/editor/chunks/f6/f6a225696937a3b54fa56788c7b6b79a58f626cd.js:42:7)
    at doExec (/Applications/Cocos/Creator/3.7.4/CocosCreator.app/Contents/Resources/app.asar/node_modules/@editor/lib-programming/static/executor/systemjs-bridge/out/index.js:517:30)
    at postOrderExec (/Applications/Cocos/Creator/3.7.4/CocosCreator.app/Contents/Resources/app.asar/node_modules/@editor/lib-programming/static/executor/systemjs-bridge/out/index.js:508:21)
4-19-2024 21:17:52 - warn: [Scene] 'systemEvent' is deprecated since v3.4.0, please use 'input' instead.Error: [Scene] 'systemEvent' is deprecated since v3.4.0, please use 'input' instead.
    at warn (/Applications/Cocos/Creator/3.7.4/CocosCreator.app/Contents/Resources/resources/3d/engine/bin/.cache/dev/editor/bundled/index.js:161617:12)
    at warnID (/Applications/Cocos/Creator/3.7.4/CocosCreator.app/Contents/Resources/resources/3d/engine/bin/.cache/dev/editor/bundled/index.js:161836:5)
    at _checkObsoleteByName (/Applications/Cocos/Creator/3.7.4/CocosCreator.app/Contents/Resources/resources/3d/engine/bin/.cache/dev/editor/bundled/index.js:177567:7)
    at __checkObsolete__ (/Applications/Cocos/Creator/3.7.4/CocosCreator.app/Contents/Resources/resources/3d/engine/bin/.cache/dev/editor/bundled/index.js:177587:7)
    at Object.execute (file:///Users/geliang/web/dibai/hall/temp/programming/packer-driver/targets/editor/chunks/1f/1f950fdb7f30e33b82e99c40a981a3795458bc93.js:27:7)
    at doExec (/Applications/Cocos/Creator/3.7.4/CocosCreator.app/Contents/Resources/app.asar/node_modules/@editor/lib-programming/static/executor/systemjs-bridge/out/index.js:517:30)
    at postOrderExec (/Applications/Cocos/Creator/3.7.4/CocosCreator.app/Contents/Resources/app.asar/node_modules/@editor/lib-programming/static/executor/systemjs-bridge/out/index.js:508:21)
4-19-2024 21:17:52 - warn: [Scene] 'systemEvent' is deprecated since v3.4.0, please use 'input' instead.Error: [Scene] 'systemEvent' is deprecated since v3.4.0, please use 'input' instead.
    at warn (/Applications/Cocos/Creator/3.7.4/CocosCreator.app/Contents/Resources/resources/3d/engine/bin/.cache/dev/editor/bundled/index.js:161617:12)
    at warnID (/Applications/Cocos/Creator/3.7.4/CocosCreator.app/Contents/Resources/resources/3d/engine/bin/.cache/dev/editor/bundled/index.js:161836:5)
    at _checkObsoleteByName (/Applications/Cocos/Creator/3.7.4/CocosCreator.app/Contents/Resources/resources/3d/engine/bin/.cache/dev/editor/bundled/index.js:177567:7)
    at __checkObsolete__ (/Applications/Cocos/Creator/3.7.4/CocosCreator.app/Contents/Resources/resources/3d/engine/bin/.cache/dev/editor/bundled/index.js:177587:7)
    at Object.execute (file:///Users/geliang/web/dibai/hall/temp/programming/packer-driver/targets/editor/chunks/1d/1d43f90bd7f78a86fea54fb6c12becd8143a7bbf.js:27:7)
    at doExec (/Applications/Cocos/Creator/3.7.4/CocosCreator.app/Contents/Resources/app.asar/node_modules/@editor/lib-programming/static/executor/systemjs-bridge/out/index.js:517:30)
    at postOrderExec (/Applications/Cocos/Creator/3.7.4/CocosCreator.app/Contents/Resources/app.asar/node_modules/@editor/lib-programming/static/executor/systemjs-bridge/out/index.js:508:21)
4-19-2024 21:17:52 - warn: [Scene] 'systemEvent' is deprecated since v3.4.0, please use 'input' instead.Error: [Scene] 'systemEvent' is deprecated since v3.4.0, please use 'input' instead.
    at warn (/Applications/Cocos/Creator/3.7.4/CocosCreator.app/Contents/Resources/resources/3d/engine/bin/.cache/dev/editor/bundled/index.js:161617:12)
    at warnID (/Applications/Cocos/Creator/3.7.4/CocosCreator.app/Contents/Resources/resources/3d/engine/bin/.cache/dev/editor/bundled/index.js:161836:5)
    at _checkObsoleteByName (/Applications/Cocos/Creator/3.7.4/CocosCreator.app/Contents/Resources/resources/3d/engine/bin/.cache/dev/editor/bundled/index.js:177567:7)
    at __checkObsolete__ (/Applications/Cocos/Creator/3.7.4/CocosCreator.app/Contents/Resources/resources/3d/engine/bin/.cache/dev/editor/bundled/index.js:177587:7)
    at Object.execute (file:///Users/geliang/web/dibai/hall/temp/programming/packer-driver/targets/editor/chunks/45/45f6f4c07e7080a0775b2bae55f4de2865f3430b.js:79:7)
    at doExec (/Applications/Cocos/Creator/3.7.4/CocosCreator.app/Contents/Resources/app.asar/node_modules/@editor/lib-programming/static/executor/systemjs-bridge/out/index.js:517:30)
    at postOrderExec (/Applications/Cocos/Creator/3.7.4/CocosCreator.app/Contents/Resources/app.asar/node_modules/@editor/lib-programming/static/executor/systemjs-bridge/out/index.js:508:21)
4-19-2024 21:17:52 - warn: [Scene] 'systemEvent' is deprecated since v3.4.0, please use 'input' instead.Error: [Scene] 'systemEvent' is deprecated since v3.4.0, please use 'input' instead.
    at warn (/Applications/Cocos/Creator/3.7.4/CocosCreator.app/Contents/Resources/resources/3d/engine/bin/.cache/dev/editor/bundled/index.js:161617:12)
    at warnID (/Applications/Cocos/Creator/3.7.4/CocosCreator.app/Contents/Resources/resources/3d/engine/bin/.cache/dev/editor/bundled/index.js:161836:5)
    at _checkObsoleteByName (/Applications/Cocos/Creator/3.7.4/CocosCreator.app/Contents/Resources/resources/3d/engine/bin/.cache/dev/editor/bundled/index.js:177567:7)
    at __checkObsolete__ (/Applications/Cocos/Creator/3.7.4/CocosCreator.app/Contents/Resources/resources/3d/engine/bin/.cache/dev/editor/bundled/index.js:177587:7)
    at Object.execute (file:///Users/geliang/web/dibai/hall/temp/programming/packer-driver/targets/editor/chunks/83/830fb550fac2651e6996bf430ea62761b823bc29.js:40:7)
    at doExec (/Applications/Cocos/Creator/3.7.4/CocosCreator.app/Contents/Resources/app.asar/node_modules/@editor/lib-programming/static/executor/systemjs-bridge/out/index.js:517:30)
    at postOrderExec (/Applications/Cocos/Creator/3.7.4/CocosCreator.app/Contents/Resources/app.asar/node_modules/@editor/lib-programming/static/executor/systemjs-bridge/out/index.js:508:21)
4-19-2024 21:17:52 - warn: [Scene] 'ToggleComponent' is deprecated since v1.2.0, please use 'Toggle' instead.Error: [Scene] 'ToggleComponent' is deprecated since v1.2.0, please use 'Toggle' instead.
    at warn (/Applications/Cocos/Creator/3.7.4/CocosCreator.app/Contents/Resources/resources/3d/engine/bin/.cache/dev/editor/bundled/index.js:161617:12)
    at warnID (/Applications/Cocos/Creator/3.7.4/CocosCreator.app/Contents/Resources/resources/3d/engine/bin/.cache/dev/editor/bundled/index.js:161836:5)
    at _checkObsoleteByName (/Applications/Cocos/Creator/3.7.4/CocosCreator.app/Contents/Resources/resources/3d/engine/bin/.cache/dev/editor/bundled/index.js:177567:7)
    at __checkObsolete__ (/Applications/Cocos/Creator/3.7.4/CocosCreator.app/Contents/Resources/resources/3d/engine/bin/.cache/dev/editor/bundled/index.js:177587:7)
    at Object.execute (file:///Users/geliang/web/dibai/hall/temp/programming/packer-driver/targets/editor/chunks/61/61b12f6372be24c5a89e9e051a589e0a48d47ce9.js:128:7)
    at doExec (/Applications/Cocos/Creator/3.7.4/CocosCreator.app/Contents/Resources/app.asar/node_modules/@editor/lib-programming/static/executor/systemjs-bridge/out/index.js:517:30)
    at postOrderExec (/Applications/Cocos/Creator/3.7.4/CocosCreator.app/Contents/Resources/app.asar/node_modules/@editor/lib-programming/static/executor/systemjs-bridge/out/index.js:508:21)
4-19-2024 21:17:52 - warn: [Scene] 'ToggleComponent' is deprecated since v1.2.0, please use 'Toggle' instead.Error: [Scene] 'ToggleComponent' is deprecated since v1.2.0, please use 'Toggle' instead.
    at warn (/Applications/Cocos/Creator/3.7.4/CocosCreator.app/Contents/Resources/resources/3d/engine/bin/.cache/dev/editor/bundled/index.js:161617:12)
    at warnID (/Applications/Cocos/Creator/3.7.4/CocosCreator.app/Contents/Resources/resources/3d/engine/bin/.cache/dev/editor/bundled/index.js:161836:5)
    at _checkObsoleteByName (/Applications/Cocos/Creator/3.7.4/CocosCreator.app/Contents/Resources/resources/3d/engine/bin/.cache/dev/editor/bundled/index.js:177567:7)
    at __checkObsolete__ (/Applications/Cocos/Creator/3.7.4/CocosCreator.app/Contents/Resources/resources/3d/engine/bin/.cache/dev/editor/bundled/index.js:177587:7)
    at Object.execute (file:///Users/geliang/web/dibai/hall/temp/programming/packer-driver/targets/editor/chunks/8f/8f0d81155fa33fbd4eb3d3bfec36a8bfb009343c.js:111:7)
    at doExec (/Applications/Cocos/Creator/3.7.4/CocosCreator.app/Contents/Resources/app.asar/node_modules/@editor/lib-programming/static/executor/systemjs-bridge/out/index.js:517:30)
    at postOrderExec (/Applications/Cocos/Creator/3.7.4/CocosCreator.app/Contents/Resources/app.asar/node_modules/@editor/lib-programming/static/executor/systemjs-bridge/out/index.js:508:21)
4-19-2024 21:17:52 - warn: [Scene] Warning: localStorage isn't enabled. Please confirm browser cookie or privacy optionError: [Scene] Warning: localStorage isn't enabled. Please confirm browser cookie or privacy option
    at warn (/Applications/Cocos/Creator/3.7.4/CocosCreator.app/Contents/Resources/resources/3d/engine/bin/.cache/dev/editor/bundled/index.js:161617:12)
    at warnID (/Applications/Cocos/Creator/3.7.4/CocosCreator.app/Contents/Resources/resources/3d/engine/bin/.cache/dev/editor/bundled/index.js:161836:5)
    at Object.getItem (/Applications/Cocos/Creator/3.7.4/CocosCreator.app/Contents/Resources/resources/3d/engine/bin/.cache/dev/editor/bundled/index.js:163543:17)
    at Object.execute (file:///Users/geliang/web/dibai/hall/temp/programming/packer-driver/targets/editor/chunks/d9/file:/Users/geliang/web/dibai/hall/assets/script/subGame/dragon/Slot/Repositories/SocketRepository.ts:9:35)
    at doExec (/Applications/Cocos/Creator/3.7.4/CocosCreator.app/Contents/Resources/app.asar/node_modules/@editor/lib-programming/static/executor/systemjs-bridge/out/index.js:517:30)
    at postOrderExec (/Applications/Cocos/Creator/3.7.4/CocosCreator.app/Contents/Resources/app.asar/node_modules/@editor/lib-programming/static/executor/systemjs-bridge/out/index.js:508:21)
    at /Applications/Cocos/Creator/3.7.4/CocosCreator.app/Contents/Resources/app.asar/node_modules/@editor/lib-programming/static/executor/systemjs-bridge/out/index.js:493:28
4-19-2024 21:17:52 - warn: [Scene] Warning: localStorage isn't enabled. Please confirm browser cookie or privacy optionError: [Scene] Warning: localStorage isn't enabled. Please confirm browser cookie or privacy option
    at warn (/Applications/Cocos/Creator/3.7.4/CocosCreator.app/Contents/Resources/resources/3d/engine/bin/.cache/dev/editor/bundled/index.js:161617:12)
    at warnID (/Applications/Cocos/Creator/3.7.4/CocosCreator.app/Contents/Resources/resources/3d/engine/bin/.cache/dev/editor/bundled/index.js:161836:5)
    at Object.getItem (/Applications/Cocos/Creator/3.7.4/CocosCreator.app/Contents/Resources/resources/3d/engine/bin/.cache/dev/editor/bundled/index.js:163543:17)
    at Object.execute (file:///Users/geliang/web/dibai/hall/temp/programming/packer-driver/targets/editor/chunks/18/file:/Users/geliang/web/dibai/hall/assets/script/subGame/egypt/Slot/Repositories/SocketRepository.ts:9:29)
    at doExec (/Applications/Cocos/Creator/3.7.4/CocosCreator.app/Contents/Resources/app.asar/node_modules/@editor/lib-programming/static/executor/systemjs-bridge/out/index.js:517:30)
    at postOrderExec (/Applications/Cocos/Creator/3.7.4/CocosCreator.app/Contents/Resources/app.asar/node_modules/@editor/lib-programming/static/executor/systemjs-bridge/out/index.js:508:21)
    at /Applications/Cocos/Creator/3.7.4/CocosCreator.app/Contents/Resources/app.asar/node_modules/@editor/lib-programming/static/executor/systemjs-bridge/out/index.js:493:28
4-19-2024 21:17:52 - warn: [Scene] 'ToggleComponent' is deprecated since v1.2.0, please use 'Toggle' instead.Error: [Scene] 'ToggleComponent' is deprecated since v1.2.0, please use 'Toggle' instead.
    at warn (/Applications/Cocos/Creator/3.7.4/CocosCreator.app/Contents/Resources/resources/3d/engine/bin/.cache/dev/editor/bundled/index.js:161617:12)
    at warnID (/Applications/Cocos/Creator/3.7.4/CocosCreator.app/Contents/Resources/resources/3d/engine/bin/.cache/dev/editor/bundled/index.js:161836:5)
    at _checkObsoleteByName (/Applications/Cocos/Creator/3.7.4/CocosCreator.app/Contents/Resources/resources/3d/engine/bin/.cache/dev/editor/bundled/index.js:177567:7)
    at __checkObsolete__ (/Applications/Cocos/Creator/3.7.4/CocosCreator.app/Contents/Resources/resources/3d/engine/bin/.cache/dev/editor/bundled/index.js:177587:7)
    at Object.execute (file:///Users/geliang/web/dibai/hall/temp/programming/packer-driver/targets/editor/chunks/64/6480d89ee74ea13a5d54c634b1bf41faf8552020.js:112:7)
    at doExec (/Applications/Cocos/Creator/3.7.4/CocosCreator.app/Contents/Resources/app.asar/node_modules/@editor/lib-programming/static/executor/systemjs-bridge/out/index.js:517:30)
    at postOrderExec (/Applications/Cocos/Creator/3.7.4/CocosCreator.app/Contents/Resources/app.asar/node_modules/@editor/lib-programming/static/executor/systemjs-bridge/out/index.js:508:21)
4-19-2024 21:17:52 - warn: [Scene] Warning: localStorage isn't enabled. Please confirm browser cookie or privacy optionError: [Scene] Warning: localStorage isn't enabled. Please confirm browser cookie or privacy option
    at warn (/Applications/Cocos/Creator/3.7.4/CocosCreator.app/Contents/Resources/resources/3d/engine/bin/.cache/dev/editor/bundled/index.js:161617:12)
    at warnID (/Applications/Cocos/Creator/3.7.4/CocosCreator.app/Contents/Resources/resources/3d/engine/bin/.cache/dev/editor/bundled/index.js:161836:5)
    at Object.getItem (/Applications/Cocos/Creator/3.7.4/CocosCreator.app/Contents/Resources/resources/3d/engine/bin/.cache/dev/editor/bundled/index.js:163543:17)
    at Object.execute (file:///Users/geliang/web/dibai/hall/temp/programming/packer-driver/targets/editor/chunks/1d/file:/Users/geliang/web/dibai/hall/assets/script/subGame/godWealth/Slot/Repositories/SocketRepository.ts:10:29)
    at doExec (/Applications/Cocos/Creator/3.7.4/CocosCreator.app/Contents/Resources/app.asar/node_modules/@editor/lib-programming/static/executor/systemjs-bridge/out/index.js:517:30)
    at postOrderExec (/Applications/Cocos/Creator/3.7.4/CocosCreator.app/Contents/Resources/app.asar/node_modules/@editor/lib-programming/static/executor/systemjs-bridge/out/index.js:508:21)
    at /Applications/Cocos/Creator/3.7.4/CocosCreator.app/Contents/Resources/app.asar/node_modules/@editor/lib-programming/static/executor/systemjs-bridge/out/index.js:493:28
4-19-2024 21:17:52 - warn: [Scene] 'ToggleComponent' is deprecated since v1.2.0, please use 'Toggle' instead.Error: [Scene] 'ToggleComponent' is deprecated since v1.2.0, please use 'Toggle' instead.
    at warn (/Applications/Cocos/Creator/3.7.4/CocosCreator.app/Contents/Resources/resources/3d/engine/bin/.cache/dev/editor/bundled/index.js:161617:12)
    at warnID (/Applications/Cocos/Creator/3.7.4/CocosCreator.app/Contents/Resources/resources/3d/engine/bin/.cache/dev/editor/bundled/index.js:161836:5)
    at _checkObsoleteByName (/Applications/Cocos/Creator/3.7.4/CocosCreator.app/Contents/Resources/resources/3d/engine/bin/.cache/dev/editor/bundled/index.js:177567:7)
    at __checkObsolete__ (/Applications/Cocos/Creator/3.7.4/CocosCreator.app/Contents/Resources/resources/3d/engine/bin/.cache/dev/editor/bundled/index.js:177587:7)
    at Object.execute (file:///Users/geliang/web/dibai/hall/temp/programming/packer-driver/targets/editor/chunks/f9/f91e351c895d1c3de75e8df112e6c8c9254b37c7.js:134:7)
    at doExec (/Applications/Cocos/Creator/3.7.4/CocosCreator.app/Contents/Resources/app.asar/node_modules/@editor/lib-programming/static/executor/systemjs-bridge/out/index.js:517:30)
    at postOrderExec (/Applications/Cocos/Creator/3.7.4/CocosCreator.app/Contents/Resources/app.asar/node_modules/@editor/lib-programming/static/executor/systemjs-bridge/out/index.js:508:21)
4-19-2024 21:17:52 - warn: [Scene] Warning: localStorage isn't enabled. Please confirm browser cookie or privacy optionError: [Scene] Warning: localStorage isn't enabled. Please confirm browser cookie or privacy option
    at warn (/Applications/Cocos/Creator/3.7.4/CocosCreator.app/Contents/Resources/resources/3d/engine/bin/.cache/dev/editor/bundled/index.js:161617:12)
    at warnID (/Applications/Cocos/Creator/3.7.4/CocosCreator.app/Contents/Resources/resources/3d/engine/bin/.cache/dev/editor/bundled/index.js:161836:5)
    at Object.getItem (/Applications/Cocos/Creator/3.7.4/CocosCreator.app/Contents/Resources/resources/3d/engine/bin/.cache/dev/editor/bundled/index.js:163543:17)
    at Object.execute (file:///Users/geliang/web/dibai/hall/temp/programming/packer-driver/targets/editor/chunks/4a/file:/Users/geliang/web/dibai/hall/assets/script/subGame/gxfc/Slot/Repositories/SocketRepository.ts:9:35)
    at doExec (/Applications/Cocos/Creator/3.7.4/CocosCreator.app/Contents/Resources/app.asar/node_modules/@editor/lib-programming/static/executor/systemjs-bridge/out/index.js:517:30)
    at postOrderExec (/Applications/Cocos/Creator/3.7.4/CocosCreator.app/Contents/Resources/app.asar/node_modules/@editor/lib-programming/static/executor/systemjs-bridge/out/index.js:508:21)
    at /Applications/Cocos/Creator/3.7.4/CocosCreator.app/Contents/Resources/app.asar/node_modules/@editor/lib-programming/static/executor/systemjs-bridge/out/index.js:493:28
4-19-2024 21:17:52 - warn: [Scene] Warning: localStorage isn't enabled. Please confirm browser cookie or privacy optionError: [Scene] Warning: localStorage isn't enabled. Please confirm browser cookie or privacy option
    at warn (/Applications/Cocos/Creator/3.7.4/CocosCreator.app/Contents/Resources/resources/3d/engine/bin/.cache/dev/editor/bundled/index.js:161617:12)
    at warnID (/Applications/Cocos/Creator/3.7.4/CocosCreator.app/Contents/Resources/resources/3d/engine/bin/.cache/dev/editor/bundled/index.js:161836:5)
    at Object.getItem (/Applications/Cocos/Creator/3.7.4/CocosCreator.app/Contents/Resources/resources/3d/engine/bin/.cache/dev/editor/bundled/index.js:163543:17)
    at Object.execute (file:///Users/geliang/web/dibai/hall/temp/programming/packer-driver/targets/editor/chunks/35/file:/Users/geliang/web/dibai/hall/assets/script/subGame/phoenix/Slot/Repositories/SocketRepository.ts:9:35)
    at doExec (/Applications/Cocos/Creator/3.7.4/CocosCreator.app/Contents/Resources/app.asar/node_modules/@editor/lib-programming/static/executor/systemjs-bridge/out/index.js:517:30)
    at postOrderExec (/Applications/Cocos/Creator/3.7.4/CocosCreator.app/Contents/Resources/app.asar/node_modules/@editor/lib-programming/static/executor/systemjs-bridge/out/index.js:508:21)
    at /Applications/Cocos/Creator/3.7.4/CocosCreator.app/Contents/Resources/app.asar/node_modules/@editor/lib-programming/static/executor/systemjs-bridge/out/index.js:493:28
4-19-2024 21:18:09 - warn: [Window] (electron) The remote module is deprecated. Use https://github.com/electron/remote instead.
